<?xml version="1.0" encoding="UTF-8"?>
<!-- Generated by org.testng.reporters.JUnitReportReporter -->
<testsuite hostname="DESKTOP-I9LG3L3" failures="0" tests="1" name="com.makemytrip.testcases.LoginPageTest" time="0.559" errors="0" timestamp="2025-08-20T14:49:46 BDT" skipped="0">
  <testcase classname="com.makemytrip.testcases.LoginPageTest" name="doLogin" time="0.559"/>
</testsuite> <!-- com.makemytrip.testcases.LoginPageTest -->
