<?xml version="1.0" encoding="UTF-8"?>
<!-- Generated by org.testng.reporters.JUnitReportReporter -->
<testsuite hostname="DESKTOP-I9LG3L3" failures="0" tests="1" name="com.makemytrip.testcases.FlightPageTest" time="2.362" errors="0" timestamp="2025-08-20T14:49:46 BDT" skipped="0">
  <testcase classname="com.makemytrip.testcases.FlightPageTest" name="searchFlight" time="2.362"/>
</testsuite> <!-- com.makemytrip.testcases.FlightPageTest -->
